{
  "RSpec": {
    "coverage": {
      "/Users/alistairdavidson/projects/fb-user-datastore/lib/middleware/consider_all_requests_json_middleware.rb": [
        1,
        1,
        1,
        null,
        null,
        1,
        8,
        0,
        null,
        8,
        null,
        null
      ],
      "/Users/alistairdavidson/projects/fb-user-datastore/lib/modules/crypto.rb": [
        1,
        1,
        null,
        1,
        1,
        null,
        null,
        1,
        9,
        9,
        9,
        9,
        9,
        9,
        9,
        null,
        null,
        1,
        1,
        1,
        1,
        1,
        1,
        1,
        null,
        null,
        null
      ],
      "/Users/alistairdavidson/projects/fb-user-datastore/app/models/user_data.rb": [
        1,
        1,
        1,
        null
      ],
      "/Users/alistairdavidson/projects/fb-user-datastore/app/models/application_record.rb": [
        1,
        1,
        null
      ],
      "/Users/alistairdavidson/projects/fb-user-datastore/app/controllers/user_data_controller.rb": [
        1,
        1,
        8,
        null,
        null,
        6,
        null,
        null
      ],
      "/Users/alistairdavidson/projects/fb-user-datastore/app/controllers/application_controller.rb": [
        1,
        1,
        null,
        1,
        null,
        null,
        null,
        0,
        null,
        null,
        1,
        2,
        null,
        null,
        1,
        null,
        1,
        8,
        null,
        null,
        1,
        2,
        null,
        2,
        null,
        null,
        null,
        null,
        2,
        2,
        null,
        2,
        null,
        null
      ],
      "/Users/alistairdavidson/projects/fb-user-datastore/app/presenters/user_data_presenter.rb": [
        1,
        1,
        null,
        1,
        6,
        null,
        null,
        6,
        6,
        6,
        null,
        null
      ]
    },
    "timestamp": 1537423988
  }
}
